#
# There is insufficient memory for the Java Runtime Environment to continue.
# Native memory allocation (malloc) failed to allocate 1933136 bytes for Chunk::new
# Possible reasons:
#   The system is out of physical RAM or swap space
#   The process is running with CompressedOops enabled, and the Java Heap may be blocking the growth of the native heap
# Possible solutions:
#   Reduce memory load on the system
#   Increase physical memory or swap space
#   Check if swap backing store is full
#   Decrease Java heap size (-Xmx/-Xms)
#   Decrease number of Java threads
#   Decrease Java thread stack sizes (-Xss)
#   Set larger code cache with -XX:ReservedCodeCacheSize=
#   JVM is running with Zero Based Compressed Oops mode in which the Java heap is
#     placed in the first 32GB address space. The Java Heap base address is the
#     maximum limit for the native heap growth. Please use -XX:HeapBaseMinAddress
#     to set the Java Heap base and to place the Java Heap above 32GB virtual address.
# This output file may be truncated or incomplete.
#
#  Out of Memory Error (./src/hotspot/share/memory/arena.cpp:197), pid=19928, tid=1220
#
# JRE version: OpenJDK Runtime Environment JBR-11.0.10.8-1145.96-jcef (11.0.10+8) (build 11.0.10+8-b1145.96)
# Java VM: OpenJDK 64-Bit Server VM JBR-11.0.10.8-1145.96-jcef (11.0.10+8-b1145.96, mixed mode, tiered, compressed oops, g1 gc, windows-amd64)
# No core dump will be written. Minidumps are not enabled by default on client versions of Windows
#

---------------  S U M M A R Y ------------

Command Line: C:\Users\Ashish.Agrawal\AppData\Roaming\JetBrains\IdeaIC2020.3\plugins\idea-spring-tools\lib\server\language-server.jar

Host: Intel(R) Core(TM) i7-5600U CPU @ 2.60GHz, 4 cores, 15G,  Windows 10 , 64 bit Build 18362 (10.0.18362.86)
Time: Mon Apr 26 21:14:47 2021 India Standard Time elapsed time: 327.679769 seconds (0d 0h 5m 27s)

---------------  T H R E A D  ---------------

Current thread (0x000001f18b302000):  JavaThread "C2 CompilerThread0" daemon [_thread_in_native, id=1220, stack(0x0000007906e00000,0x0000007906f00000)]


Current CompileTask:
C2: 327679 7540   !   4       org.eclipse.jdt.internal.compiler.classfmt.ClassFileReader::<init> (1936 bytes)

Stack: [0x0000007906e00000,0x0000007906f00000]
Native frames: (J=compiled Java code, j=interpreted, Vv=VM code, C=native code)
V  [jvm.dll+0x5ece6a]
V  [jvm.dll+0x722cd5]
V  [jvm.dll+0x72422d]
V  [jvm.dll+0x7248e3]
V  [jvm.dll+0x2428d8]
V  [jvm.dll+0xbc5fc]
V  [jvm.dll+0xbcafc]
V  [jvm.dll+0x352b4d]
V  [jvm.dll+0x3209f3]
V  [jvm.dll+0x31feea]
V  [jvm.dll+0x1fbbc2]
V  [jvm.dll+0x1fadb4]
V  [jvm.dll+0x18358c]
V  [jvm.dll+0x209547]
V  [jvm.dll+0x207d91]
V  [jvm.dll+0x6eb3df]
V  [jvm.dll+0x6e3f05]
V  [jvm.dll+0x5ebd56]
C  [ucrtbase.dll+0x1d912]
C  [KERNEL32.DLL+0x17bd4]
C  [ntdll.dll+0x6ce71]


---------------  P R O C E S S  ---------------

Threads class SMR info:
_java_thread_list=0x000001f18be8a1f0, length=22, elements={
0x000001f18b2a6800, 0x000001f18b2a9800, 0x000001f18b2fb000, 0x000001f18b2fd000,
0x000001f18b2fe000, 0x000001f18b302000, 0x000001f18a9ea800, 0x000001f18a9f7000,
0x000001f18b46f800, 0x000001f18b470800, 0x000001f18c2eb000, 0x000001f18bf83000,
0x000001f18bf85800, 0x000001f18bf87000, 0x000001f18bf82000, 0x000001f18d9cc800,
0x000001f18d9ca000, 0x000001f18d9ce800, 0x000001f18d9d0800, 0x000001f18d9cd000,
0x000001f18d9cf800, 0x000001f18d9ca800
}

Java Threads: ( => current thread )
  0x000001f18b2a6800 JavaThread "Reference Handler" daemon [_thread_blocked, id=17472, stack(0x0000007906900000,0x0000007906a00000)]
  0x000001f18b2a9800 JavaThread "Finalizer" daemon [_thread_blocked, id=876, stack(0x0000007906a00000,0x0000007906b00000)]
  0x000001f18b2fb000 JavaThread "Signal Dispatcher" daemon [_thread_blocked, id=6824, stack(0x0000007906b00000,0x0000007906c00000)]
  0x000001f18b2fd000 JavaThread "Attach Listener" daemon [_thread_blocked, id=4584, stack(0x0000007906c00000,0x0000007906d00000)]
  0x000001f18b2fe000 JavaThread "Service Thread" daemon [_thread_blocked, id=14008, stack(0x0000007906d00000,0x0000007906e00000)]
=>0x000001f18b302000 JavaThread "C2 CompilerThread0" daemon [_thread_in_native, id=1220, stack(0x0000007906e00000,0x0000007906f00000)]
  0x000001f18a9ea800 JavaThread "C1 CompilerThread0" daemon [_thread_blocked, id=17732, stack(0x0000007906f00000,0x0000007907000000)]
  0x000001f18a9f7000 JavaThread "Sweeper thread" daemon [_thread_blocked, id=9900, stack(0x0000007907000000,0x0000007907100000)]
  0x000001f18b46f800 JavaThread "Common-Cleaner" daemon [_thread_blocked, id=14740, stack(0x0000007907200000,0x0000007907300000)]
  0x000001f18b470800 JavaThread "ForkJoinPool.commonPool-worker-3" daemon [_thread_blocked, id=17248, stack(0x0000007907300000,0x0000007907400000)]
  0x000001f18c2eb000 JavaThread "SeedGenerator Thread" daemon [_thread_blocked, id=12132, stack(0x0000007907a00000,0x0000007907b00000)]
  0x000001f18bf83000 JavaThread "Simple-Language-Server main thread" daemon [_thread_blocked, id=2352, stack(0x0000007907f00000,0x0000007908000000)]
  0x000001f18bf85800 JavaThread "LanguageServerApp-lifecycle" [_thread_blocked, id=10128, stack(0x0000007907b00000,0x0000007907c00000)]
  0x000001f18bf87000 JavaThread "DestroyJavaVM" [_thread_blocked, id=436, stack(0x0000007906200000,0x0000007906300000)]
  0x000001f18bf82000 JavaThread "pool-4-thread-1" [_thread_in_native, id=4744, stack(0x0000007907e00000,0x0000007907f00000)]
  0x000001f18d9cc800 JavaThread "pool-5-thread-1" [_thread_blocked, id=2372, stack(0x0000007908000000,0x0000007908100000)]
  0x000001f18d9ca000 JavaThread "parallel-1" daemon [_thread_blocked, id=14388, stack(0x0000007908500000,0x0000007908600000)]
  0x000001f18d9ce800 JavaThread "Reconciler-1" daemon [_thread_blocked, id=11420, stack(0x0000007908600000,0x0000007908700000)]
  0x000001f18d9d0800 JavaThread "pool-2-thread-1" [_thread_blocked, id=9144, stack(0x0000007908200000,0x0000007908300000)]
  0x000001f18d9cd000 JavaThread "elastic-evictor-1" daemon [_thread_blocked, id=19020, stack(0x0000007907c00000,0x0000007907d00000)]
  0x000001f18d9cf800 JavaThread "elastic-2" daemon [_thread_blocked, id=20292, stack(0x0000007908100000,0x0000007908200000)]
  0x000001f18d9ca800 JavaThread "elastic-4" daemon [_thread_blocked, id=22388, stack(0x0000007905f00000,0x0000007906000000)]

Other Threads:
  0x000001f18a9d4800 VMThread "VM Thread" [stack: 0x0000007906800000,0x0000007906900000] [id=20372]
  0x000001f18b47e800 WatcherThread [stack: 0x0000007907100000,0x0000007907200000] [id=7940]
  0x000001f1ea252000 GCTaskThread "GC Thread#0" [stack: 0x0000007906300000,0x0000007906400000] [id=16284]
  0x000001f18b8fe800 GCTaskThread "GC Thread#1" [stack: 0x0000007907400000,0x0000007907500000] [id=18860]
  0x000001f18b821800 GCTaskThread "GC Thread#2" [stack: 0x0000007907500000,0x0000007907600000] [id=13820]
  0x000001f18b822800 GCTaskThread "GC Thread#3" [stack: 0x0000007907600000,0x0000007907700000] [id=14536]
  0x000001f1ea2b0000 ConcurrentGCThread "G1 Main Marker" [stack: 0x0000007906400000,0x0000007906500000] [id=4004]
  0x000001f1ea2b1800 ConcurrentGCThread "G1 Conc#0" [stack: 0x0000007906500000,0x0000007906600000] [id=14156]
  0x000001f1ea30e800 ConcurrentGCThread "G1 Refine#0" [stack: 0x0000007906600000,0x0000007906700000] [id=2156]
  0x000001f18b511000 ConcurrentGCThread "G1 Refine#1" [stack: 0x0000007907700000,0x0000007907800000] [id=7792]
  0x000001f18a8af000 ConcurrentGCThread "G1 Young RemSet Sampling" [stack: 0x0000007906700000,0x0000007906800000] [id=15228]

Threads with active compile tasks:
C2 CompilerThread0 327692 7540   !   4       org.eclipse.jdt.internal.compiler.classfmt.ClassFileReader::<init> (1936 bytes)

VM state:not at safepoint (normal execution)

VM Mutex/Monitor currently owned by a thread: None

Heap address: 0x0000000702000000, size: 4064 MB, Compressed Oops mode: Zero based, Oop shift amount: 3
Narrow klass base: 0x0000000800000000, Narrow klass shift: 0
Compressed class space size: 1073741824 Address: 0x0000000800000000

Heap:
 garbage-first heap   total 260096K, used 41898K [0x0000000702000000, 0x0000000800000000)
  region size 1024K, 33 young (33792K), 10 survivors (10240K)
 Metaspace       used 45349K, capacity 46533K, committed 46848K, reserved 1091584K
  class space    used 4810K, capacity 5276K, committed 5376K, reserved 1048576K
Heap Regions: E=young(eden), S=young(survivor), O=old, HS=humongous(starts), HC=humongous(continues), CS=collection set, F=free, A=archive, TAMS=top-at-mark-start (previous, next)
|   0|0x0000000702000000, 0x0000000702100000, 0x0000000702100000|100%| O|  |TAMS 0x0000000702100000, 0x0000000702000000| Untracked 
|   1|0x0000000702100000, 0x0000000702200000, 0x0000000702200000|100%| O|  |TAMS 0x0000000702200000, 0x0000000702100000| Untracked 
|   2|0x0000000702200000, 0x0000000702300000, 0x0000000702300000|100%| O|  |TAMS 0x0000000702300000, 0x0000000702200000| Untracked 
|   3|0x0000000702300000, 0x0000000702400000, 0x0000000702400000|100%| O|  |TAMS 0x00000007023b2000, 0x0000000702300000| Untracked 
|   4|0x0000000702400000, 0x0000000702500000, 0x0000000702500000|100%| O|  |TAMS 0x0000000702400000, 0x0000000702400000| Untracked 
|   5|0x0000000702500000, 0x0000000702600000, 0x0000000702600000|100%| O|  |TAMS 0x0000000702500000, 0x0000000702500000| Untracked 
|   6|0x0000000702600000, 0x0000000702700000, 0x0000000702700000|100%| O|  |TAMS 0x0000000702600000, 0x0000000702600000| Untracked 
|   7|0x0000000702700000, 0x0000000702800000, 0x0000000702800000|100%| O|  |TAMS 0x0000000702700000, 0x0000000702700000| Untracked 
|   8|0x0000000702800000, 0x00000007028ea800, 0x0000000702900000| 91%| O|  |TAMS 0x0000000702800000, 0x0000000702800000| Untracked 
|   9|0x0000000702900000, 0x0000000702900000, 0x0000000702a00000|  0%| F|  |TAMS 0x0000000702900000, 0x0000000702900000| Untracked 
|  10|0x0000000702a00000, 0x0000000702a00000, 0x0000000702b00000|  0%| F|  |TAMS 0x0000000702a00000, 0x0000000702a00000| Untracked 
|  11|0x0000000702b00000, 0x0000000702b00000, 0x0000000702c00000|  0%| F|  |TAMS 0x0000000702b00000, 0x0000000702b00000| Untracked 
|  12|0x0000000702c00000, 0x0000000702c00000, 0x0000000702d00000|  0%| F|  |TAMS 0x0000000702c00000, 0x0000000702c00000| Untracked 
|  13|0x0000000702d00000, 0x0000000702d00000, 0x0000000702e00000|  0%| F|  |TAMS 0x0000000702d00000, 0x0000000702d00000| Untracked 
|  14|0x0000000702e00000, 0x0000000702e00000, 0x0000000702f00000|  0%| F|  |TAMS 0x0000000702e00000, 0x0000000702e00000| Untracked 
|  15|0x0000000702f00000, 0x0000000702f00000, 0x0000000703000000|  0%| F|  |TAMS 0x0000000702f00000, 0x0000000702f00000| Untracked 
|  16|0x0000000703000000, 0x0000000703000000, 0x0000000703100000|  0%| F|  |TAMS 0x0000000703000000, 0x0000000703000000| Untracked 
|  17|0x0000000703100000, 0x0000000703100000, 0x0000000703200000|  0%| F|  |TAMS 0x0000000703100000, 0x0000000703100000| Untracked 
|  18|0x0000000703200000, 0x0000000703200000, 0x0000000703300000|  0%| F|  |TAMS 0x0000000703200000, 0x0000000703200000| Untracked 
|  19|0x0000000703300000, 0x0000000703300000, 0x0000000703400000|  0%| F|  |TAMS 0x0000000703300000, 0x0000000703300000| Untracked 
|  20|0x0000000703400000, 0x0000000703400000, 0x0000000703500000|  0%| F|  |TAMS 0x0000000703400000, 0x0000000703400000| Untracked 
|  21|0x0000000703500000, 0x0000000703500000, 0x0000000703600000|  0%| F|  |TAMS 0x0000000703500000, 0x0000000703500000| Untracked 
|  22|0x0000000703600000, 0x0000000703600000, 0x0000000703700000|  0%| F|  |TAMS 0x0000000703600000, 0x0000000703600000| Untracked 
|  23|0x0000000703700000, 0x0000000703700000, 0x0000000703800000|  0%| F|  |TAMS 0x0000000703700000, 0x0000000703700000| Untracked 
|  24|0x0000000703800000, 0x0000000703800000, 0x0000000703900000|  0%| F|  |TAMS 0x0000000703800000, 0x0000000703800000| Untracked 
|  25|0x0000000703900000, 0x0000000703900000, 0x0000000703a00000|  0%| F|  |TAMS 0x0000000703900000, 0x0000000703900000| Untracked 
|  26|0x0000000703a00000, 0x0000000703a00000, 0x0000000703b00000|  0%| F|  |TAMS 0x0000000703a00000, 0x0000000703a00000| Untracked 
|  27|0x0000000703b00000, 0x0000000703b00000, 0x0000000703c00000|  0%| F|  |TAMS 0x0000000703b00000, 0x0000000703b00000| Untracked 
|  28|0x0000000703c00000, 0x0000000703c00000, 0x0000000703d00000|  0%| F|  |TAMS 0x0000000703c00000, 0x0000000703c00000| Untracked 
|  29|0x0000000703d00000, 0x0000000703d00000, 0x0000000703e00000|  0%| F|  |TAMS 0x0000000703d00000, 0x0000000703d00000| Untracked 
|  30|0x0000000703e00000, 0x0000000703e00000, 0x0000000703f00000|  0%| F|  |TAMS 0x0000000703e00000, 0x0000000703e00000| Untracked 
|  31|0x0000000703f00000, 0x0000000703f00000, 0x0000000704000000|  0%| F|  |TAMS 0x0000000703f00000, 0x0000000703f00000| Untracked 
|  32|0x0000000704000000, 0x0000000704000000, 0x0000000704100000|  0%| F|  |TAMS 0x0000000704000000, 0x0000000704000000| Untracked 
|  33|0x0000000704100000, 0x0000000704100000, 0x0000000704200000|  0%| F|  |TAMS 0x0000000704100000, 0x0000000704100000| Untracked 
|  34|0x0000000704200000, 0x0000000704200000, 0x0000000704300000|  0%| F|  |TAMS 0x0000000704200000, 0x0000000704200000| Untracked 
|  35|0x0000000704300000, 0x0000000704300000, 0x0000000704400000|  0%| F|  |TAMS 0x0000000704300000, 0x0000000704300000| Untracked 
|  36|0x0000000704400000, 0x0000000704400000, 0x0000000704500000|  0%| F|  |TAMS 0x0000000704400000, 0x0000000704400000| Untracked 
|  37|0x0000000704500000, 0x0000000704500000, 0x0000000704600000|  0%| F|  |TAMS 0x0000000704500000, 0x0000000704500000| Untracked 
|  38|0x0000000704600000, 0x0000000704600000, 0x0000000704700000|  0%| F|  |TAMS 0x0000000704600000, 0x0000000704600000| Untracked 
|  39|0x0000000704700000, 0x0000000704700000, 0x0000000704800000|  0%| F|  |TAMS 0x0000000704700000, 0x0000000704700000| Untracked 
|  40|0x0000000704800000, 0x0000000704800000, 0x0000000704900000|  0%| F|  |TAMS 0x0000000704800000, 0x0000000704800000| Untracked 
|  41|0x0000000704900000, 0x0000000704900000, 0x0000000704a00000|  0%| F|  |TAMS 0x0000000704900000, 0x0000000704900000| Untracked 
|  42|0x0000000704a00000, 0x0000000704a00000, 0x0000000704b00000|  0%| F|  |TAMS 0x0000000704a00000, 0x0000000704a00000| Untracked 
|  43|0x0000000704b00000, 0x0000000704b00000, 0x0000000704c00000|  0%| F|  |TAMS 0x0000000704b00000, 0x0000000704b00000| Untracked 
|  44|0x0000000704c00000, 0x0000000704c00000, 0x0000000704d00000|  0%| F|  |TAMS 0x0000000704c00000, 0x0000000704c00000| Untracked 
|  45|0x0000000704d00000, 0x0000000704d00000, 0x0000000704e00000|  0%| F|  |TAMS 0x0000000704d00000, 0x0000000704d00000| Untracked 
|  46|0x0000000704e00000, 0x0000000704e00000, 0x0000000704f00000|  0%| F|  |TAMS 0x0000000704e00000, 0x0000000704e00000| Untracked 
|  47|0x0000000704f00000, 0x0000000704f00000, 0x0000000705000000|  0%| F|  |TAMS 0x0000000704f00000, 0x0000000704f00000| Untracked 
|  48|0x0000000705000000, 0x0000000705000000, 0x0000000705100000|  0%| F|  |TAMS 0x0000000705000000, 0x0000000705000000| Untracked 
|  49|0x0000000705100000, 0x0000000705100000, 0x0000000705200000|  0%| F|  |TAMS 0x0000000705100000, 0x0000000705100000| Untracked 
|  50|0x0000000705200000, 0x0000000705200000, 0x0000000705300000|  0%| F|  |TAMS 0x0000000705200000, 0x0000000705200000| Untracked 
|  51|0x0000000705300000, 0x0000000705300000, 0x0000000705400000|  0%| F|  |TAMS 0x0000000705300000, 0x0000000705300000| Untracked 
|  52|0x0000000705400000, 0x0000000705400000, 0x0000000705500000|  0%| F|  |TAMS 0x0000000705400000, 0x0000000705400000| Untracked 
|  53|0x0000000705500000, 0x0000000705500000, 0x0000000705600000|  0%| F|  |TAMS 0x0000000705500000, 0x0000000705500000| Untracked 
|  54|0x0000000705600000, 0x0000000705600000, 0x0000000705700000|  0%| F|  |TAMS 0x0000000705600000, 0x0000000705600000| Untracked 
|  55|0x0000000705700000, 0x0000000705700000, 0x0000000705800000|  0%| F|  |TAMS 0x0000000705700000, 0x0000000705700000| Untracked 
|  56|0x0000000705800000, 0x0000000705800000, 0x0000000705900000|  0%| F|  |TAMS 0x0000000705800000, 0x0000000705800000| Untracked 
|  57|0x0000000705900000, 0x0000000705900000, 0x0000000705a00000|  0%| F|  |TAMS 0x0000000705900000, 0x0000000705900000| Untracked 
|  58|0x0000000705a00000, 0x0000000705a00000, 0x0000000705b00000|  0%| F|  |TAMS 0x0000000705a00000, 0x0000000705a00000| Untracked 
|  59|0x0000000705b00000, 0x0000000705b00000, 0x0000000705c00000|  0%| F|  |TAMS 0x0000000705b00000, 0x0000000705b00000| Untracked 
|  60|0x0000000705c00000, 0x0000000705c00000, 0x0000000705d00000|  0%| F|  |TAMS 0x0000000705c00000, 0x0000000705c00000| Untracked 
|  61|0x0000000705d00000, 0x0000000705d00000, 0x0000000705e00000|  0%| F|  |TAMS 0x0000000705d00000, 0x0000000705d00000| Untracked 
|  62|0x0000000705e00000, 0x0000000705e00000, 0x0000000705f00000|  0%| F|  |TAMS 0x0000000705e00000, 0x0000000705e00000| Untracked 
|  63|0x0000000705f00000, 0x0000000705f00000, 0x0000000706000000|  0%| F|  |TAMS 0x0000000705f00000, 0x0000000705f00000| Untracked 
|  64|0x0000000706000000, 0x0000000706000000, 0x0000000706100000|  0%| F|  |TAMS 0x0000000706000000, 0x0000000706000000| Untracked 
|  65|0x0000000706100000, 0x0000000706100000, 0x0000000706200000|  0%| F|  |TAMS 0x0000000706100000, 0x0000000706100000| Untracked 
|  66|0x0000000706200000, 0x0000000706200000, 0x0000000706300000|  0%| F|  |TAMS 0x0000000706200000, 0x0000000706200000| Untracked 
|  67|0x0000000706300000, 0x0000000706300000, 0x0000000706400000|  0%| F|  |TAMS 0x0000000706300000, 0x0000000706300000| Untracked 
|  68|0x0000000706400000, 0x0000000706400000, 0x0000000706500000|  0%| F|  |TAMS 0x0000000706400000, 0x0000000706400000| Untracked 
|  69|0x0000000706500000, 0x0000000706500000, 0x0000000706600000|  0%| F|  |TAMS 0x0000000706500000, 0x0000000706500000| Untracked 
|  70|0x0000000706600000, 0x0000000706600000, 0x0000000706700000|  0%| F|  |TAMS 0x0000000706600000, 0x0000000706600000| Untracked 
|  71|0x0000000706700000, 0x0000000706700000, 0x0000000706800000|  0%| F|  |TAMS 0x0000000706700000, 0x0000000706700000| Untracked 
|  72|0x0000000706800000, 0x0000000706800000, 0x0000000706900000|  0%| F|  |TAMS 0x0000000706800000, 0x0000000706800000| Untracked 
|  73|0x0000000706900000, 0x0000000706900000, 0x0000000706a00000|  0%| F|  |TAMS 0x0000000706900000, 0x0000000706900000| Untracked 
|  74|0x0000000706a00000, 0x0000000706a00000, 0x0000000706b00000|  0%| F|  |TAMS 0x0000000706a00000, 0x0000000706a00000| Untracked 
|  75|0x0000000706b00000, 0x0000000706b00000, 0x0000000706c00000|  0%| F|  |TAMS 0x0000000706b00000, 0x0000000706b00000| Untracked 
|  76|0x0000000706c00000, 0x0000000706c00000, 0x0000000706d00000|  0%| F|  |TAMS 0x0000000706c00000, 0x0000000706c00000| Untracked 
|  77|0x0000000706d00000, 0x0000000706d00000, 0x0000000706e00000|  0%| F|  |TAMS 0x0000000706d00000, 0x0000000706d00000| Untracked 
|  78|0x0000000706e00000, 0x0000000706e00000, 0x0000000706f00000|  0%| F|  |TAMS 0x0000000706e00000, 0x0000000706e00000| Untracked 
|  79|0x0000000706f00000, 0x0000000706f00000, 0x0000000707000000|  0%| F|  |TAMS 0x0000000706f00000, 0x0000000706f00000| Untracked 
|  80|0x0000000707000000, 0x0000000707000000, 0x0000000707100000|  0%| F|  |TAMS 0x0000000707000000, 0x0000000707000000| Untracked 
|  81|0x0000000707100000, 0x0000000707100000, 0x0000000707200000|  0%| F|  |TAMS 0x0000000707100000, 0x0000000707100000| Untracked 
|  82|0x0000000707200000, 0x0000000707200000, 0x0000000707300000|  0%| F|  |TAMS 0x0000000707200000, 0x0000000707200000| Untracked 
|  83|0x0000000707300000, 0x0000000707300000, 0x0000000707400000|  0%| F|  |TAMS 0x0000000707300000, 0x0000000707300000| Untracked 
|  84|0x0000000707400000, 0x0000000707400000, 0x0000000707500000|  0%| F|  |TAMS 0x0000000707400000, 0x0000000707400000| Untracked 
|  85|0x0000000707500000, 0x0000000707500000, 0x0000000707600000|  0%| F|  |TAMS 0x0000000707500000, 0x0000000707500000| Untracked 
|  86|0x0000000707600000, 0x0000000707600000, 0x0000000707700000|  0%| F|  |TAMS 0x0000000707600000, 0x0000000707600000| Untracked 
|  87|0x0000000707700000, 0x0000000707700000, 0x0000000707800000|  0%| F|  |TAMS 0x0000000707700000, 0x0000000707700000| Untracked 
|  88|0x0000000707800000, 0x0000000707800000, 0x0000000707900000|  0%| F|  |TAMS 0x0000000707800000, 0x0000000707800000| Untracked 
|  89|0x0000000707900000, 0x0000000707900000, 0x0000000707a00000|  0%| F|  |TAMS 0x0000000707900000, 0x0000000707900000| Untracked 
|  90|0x0000000707a00000, 0x0000000707a00000, 0x0000000707b00000|  0%| F|  |TAMS 0x0000000707a00000, 0x0000000707a00000| Untracked 
|  91|0x0000000707b00000, 0x0000000707b00000, 0x0000000707c00000|  0%| F|  |TAMS 0x0000000707b00000, 0x0000000707b00000| Untracked 
|  92|0x0000000707c00000, 0x0000000707d00000, 0x0000000707d00000|100%| S|CS|TAMS 0x0000000707c00000, 0x0000000707c00000| Complete 
|  93|0x0000000707d00000, 0x0000000707d00000, 0x0000000707e00000|  0%| F|  |TAMS 0x0000000707d00000, 0x0000000707d00000| Untracked 
|  94|0x0000000707e00000, 0x0000000707e00000, 0x0000000707f00000|  0%| F|  |TAMS 0x0000000707e00000, 0x0000000707e00000| Untracked 
|  95|0x0000000707f00000, 0x0000000707f00000, 0x0000000708000000|  0%| F|  |TAMS 0x0000000707f00000, 0x0000000707f00000| Untracked 
|  96|0x0000000708000000, 0x0000000708000000, 0x0000000708100000|  0%| F|  |TAMS 0x0000000708000000, 0x0000000708000000| Untracked 
|  97|0x0000000708100000, 0x0000000708100000, 0x0000000708200000|  0%| F|  |TAMS 0x0000000708100000, 0x0000000708100000| Untracked 
|  98|0x0000000708200000, 0x0000000708200000, 0x0000000708300000|  0%| F|  |TAMS 0x0000000708200000, 0x0000000708200000| Untracked 
|  99|0x0000000708300000, 0x0000000708300000, 0x0000000708400000|  0%| F|  |TAMS 0x0000000708300000, 0x0000000708300000| Untracked 
| 100|0x0000000708400000, 0x0000000708400000, 0x0000000708500000|  0%| F|  |TAMS 0x0000000708400000, 0x0000000708400000| Untracked 
| 101|0x0000000708500000, 0x0000000708500000, 0x0000000708600000|  0%| F|  |TAMS 0x0000000708500000, 0x0000000708500000| Untracked 
| 102|0x0000000708600000, 0x0000000708700000, 0x0000000708700000|100%| S|CS|TAMS 0x0000000708600000, 0x0000000708600000| Complete 
| 103|0x0000000708700000, 0x0000000708800000, 0x0000000708800000|100%| S|CS|TAMS 0x0000000708700000, 0x0000000708700000| Complete 
| 104|0x0000000708800000, 0x0000000708900000, 0x0000000708900000|100%| S|CS|TAMS 0x0000000708800000, 0x0000000708800000| Complete 
| 105|0x0000000708900000, 0x0000000708a00000, 0x0000000708a00000|100%| S|CS|TAMS 0x0000000708900000, 0x0000000708900000| Complete 
| 106|0x0000000708a00000, 0x0000000708b00000, 0x0000000708b00000|100%| S|CS|TAMS 0x0000000708a00000, 0x0000000708a00000| Complete 
| 107|0x0000000708b00000, 0x0000000708c00000, 0x0000000708c00000|100%| S|CS|TAMS 0x0000000708b00000, 0x0000000708b00000| Complete 
| 108|0x0000000708c00000, 0x0000000708d00000, 0x0000000708d00000|100%| S|CS|TAMS 0x0000000708c00000, 0x0000000708c00000| Complete 
| 109|0x0000000708d00000, 0x0000000708e00000, 0x0000000708e00000|100%| S|CS|TAMS 0x0000000708d00000, 0x0000000708d00000| Complete 
| 110|0x0000000708e00000, 0x0000000708f00000, 0x0000000708f00000|100%| S|CS|TAMS 0x0000000708e00000, 0x0000000708e00000| Complete 
| 111|0x0000000708f00000, 0x0000000708f00000, 0x0000000709000000|  0%| F|  |TAMS 0x0000000708f00000, 0x0000000708f00000| Untracked 
| 112|0x0000000709000000, 0x0000000709000000, 0x0000000709100000|  0%| F|  |TAMS 0x0000000709000000, 0x0000000709000000| Untracked 
| 113|0x0000000709100000, 0x0000000709100000, 0x0000000709200000|  0%| F|  |TAMS 0x0000000709100000, 0x0000000709100000| Untracked 
| 114|0x0000000709200000, 0x0000000709200000, 0x0000000709300000|  0%| F|  |TAMS 0x0000000709200000, 0x0000000709200000| Untracked 
| 115|0x0000000709300000, 0x0000000709300000, 0x0000000709400000|  0%| F|  |TAMS 0x0000000709300000, 0x0000000709300000| Untracked 
| 116|0x0000000709400000, 0x0000000709400000, 0x0000000709500000|  0%| F|  |TAMS 0x0000000709400000, 0x0000000709400000| Untracked 
| 117|0x0000000709500000, 0x0000000709500000, 0x0000000709600000|  0%| F|  |TAMS 0x0000000709500000, 0x0000000709500000| Untracked 
| 118|0x0000000709600000, 0x0000000709600000, 0x0000000709700000|  0%| F|  |TAMS 0x0000000709600000, 0x0000000709600000| Untracked 
| 119|0x0000000709700000, 0x0000000709700000, 0x0000000709800000|  0%| F|  |TAMS 0x0000000709700000, 0x0000000709700000| Untracked 
| 120|0x0000000709800000, 0x0000000709800000, 0x0000000709900000|  0%| F|  |TAMS 0x0000000709800000, 0x0000000709800000| Untracked 
| 121|0x0000000709900000, 0x0000000709900000, 0x0000000709a00000|  0%| F|  |TAMS 0x0000000709900000, 0x0000000709900000| Untracked 
| 122|0x0000000709a00000, 0x0000000709a00000, 0x0000000709b00000|  0%| F|  |TAMS 0x0000000709a00000, 0x0000000709a00000| Untracked 
| 123|0x0000000709b00000, 0x0000000709b00000, 0x0000000709c00000|  0%| F|  |TAMS 0x0000000709b00000, 0x0000000709b00000| Untracked 
| 124|0x0000000709c00000, 0x0000000709c00000, 0x0000000709d00000|  0%| F|  |TAMS 0x0000000709c00000, 0x0000000709c00000| Untracked 
| 125|0x0000000709d00000, 0x0000000709d00000, 0x0000000709e00000|  0%| F|  |TAMS 0x0000000709d00000, 0x0000000709d00000| Untracked 
| 126|0x0000000709e00000, 0x0000000709e00000, 0x0000000709f00000|  0%| F|  |TAMS 0x0000000709e00000, 0x0000000709e00000| Untracked 
| 127|0x0000000709f00000, 0x0000000709f00000, 0x000000070a000000|  0%| F|  |TAMS 0x0000000709f00000, 0x0000000709f00000| Untracked 
| 128|0x000000070a000000, 0x000000070a000000, 0x000000070a100000|  0%| F|  |TAMS 0x000000070a000000, 0x000000070a000000| Untracked 
| 129|0x000000070a100000, 0x000000070a100000, 0x000000070a200000|  0%| F|  |TAMS 0x000000070a100000, 0x000000070a100000| Untracked 
| 130|0x000000070a200000, 0x000000070a200000, 0x000000070a300000|  0%| F|  |TAMS 0x000000070a200000, 0x000000070a200000| Untracked 
| 131|0x000000070a300000, 0x000000070a300000, 0x000000070a400000|  0%| F|  |TAMS 0x000000070a300000, 0x000000070a300000| Untracked 
| 132|0x000000070a400000, 0x000000070a400000, 0x000000070a500000|  0%| F|  |TAMS 0x000000070a400000, 0x000000070a400000| Untracked 
| 133|0x000000070a500000, 0x000000070a500000, 0x000000070a600000|  0%| F|  |TAMS 0x000000070a500000, 0x000000070a500000| Untracked 
| 134|0x000000070a600000, 0x000000070a600000, 0x000000070a700000|  0%| F|  |TAMS 0x000000070a600000, 0x000000070a600000| Untracked 
| 135|0x000000070a700000, 0x000000070a700000, 0x000000070a800000|  0%| F|  |TAMS 0x000000070a700000, 0x000000070a700000| Untracked 
| 136|0x000000070a800000, 0x000000070a800000, 0x000000070a900000|  0%| F|  |TAMS 0x000000070a800000, 0x000000070a800000| Untracked 
| 137|0x000000070a900000, 0x000000070a900000, 0x000000070aa00000|  0%| F|  |TAMS 0x000000070a900000, 0x000000070a900000| Untracked 
| 138|0x000000070aa00000, 0x000000070aa00000, 0x000000070ab00000|  0%| F|  |TAMS 0x000000070aa00000, 0x000000070aa00000| Untracked 
| 139|0x000000070ab00000, 0x000000070ab00000, 0x000000070ac00000|  0%| F|  |TAMS 0x000000070ab00000, 0x000000070ab00000| Untracked 
| 140|0x000000070ac00000, 0x000000070ac00000, 0x000000070ad00000|  0%| F|  |TAMS 0x000000070ac00000, 0x000000070ac00000| Untracked 
| 141|0x000000070ad00000, 0x000000070ad00000, 0x000000070ae00000|  0%| F|  |TAMS 0x000000070ad00000, 0x000000070ad00000| Untracked 
| 142|0x000000070ae00000, 0x000000070ae00000, 0x000000070af00000|  0%| F|  |TAMS 0x000000070ae00000, 0x000000070ae00000| Untracked 
| 143|0x000000070af00000, 0x000000070af00000, 0x000000070b000000|  0%| F|  |TAMS 0x000000070af00000, 0x000000070af00000| Untracked 
| 144|0x000000070b000000, 0x000000070b000000, 0x000000070b100000|  0%| F|  |TAMS 0x000000070b000000, 0x000000070b000000| Untracked 
| 145|0x000000070b100000, 0x000000070b100000, 0x000000070b200000|  0%| F|  |TAMS 0x000000070b100000, 0x000000070b100000| Untracked 
| 146|0x000000070b200000, 0x000000070b200000, 0x000000070b300000|  0%| F|  |TAMS 0x000000070b200000, 0x000000070b200000| Untracked 
| 147|0x000000070b300000, 0x000000070b300000, 0x000000070b400000|  0%| F|  |TAMS 0x000000070b300000, 0x000000070b300000| Untracked 
| 148|0x000000070b400000, 0x000000070b400000, 0x000000070b500000|  0%| F|  |TAMS 0x000000070b400000, 0x000000070b400000| Untracked 
| 149|0x000000070b500000, 0x000000070b500000, 0x000000070b600000|  0%| F|  |TAMS 0x000000070b500000, 0x000000070b500000| Untracked 
| 150|0x000000070b600000, 0x000000070b600000, 0x000000070b700000|  0%| F|  |TAMS 0x000000070b600000, 0x000000070b600000| Untracked 
| 151|0x000000070b700000, 0x000000070b700000, 0x000000070b800000|  0%| F|  |TAMS 0x000000070b700000, 0x000000070b700000| Untracked 
| 152|0x000000070b800000, 0x000000070b800000, 0x000000070b900000|  0%| F|  |TAMS 0x000000070b800000, 0x000000070b800000| Untracked 
| 153|0x000000070b900000, 0x000000070b900000, 0x000000070ba00000|  0%| F|  |TAMS 0x000000070b900000, 0x000000070b900000| Untracked 
| 154|0x000000070ba00000, 0x000000070ba00000, 0x000000070bb00000|  0%| F|  |TAMS 0x000000070ba00000, 0x000000070ba00000| Untracked 
| 155|0x000000070bb00000, 0x000000070bb00000, 0x000000070bc00000|  0%| F|  |TAMS 0x000000070bb00000, 0x000000070bb00000| Untracked 
| 156|0x000000070bc00000, 0x000000070bc00000, 0x000000070bd00000|  0%| F|  |TAMS 0x000000070bc00000, 0x000000070bc00000| Untracked 
| 157|0x000000070bd00000, 0x000000070bd00000, 0x000000070be00000|  0%| F|  |TAMS 0x000000070bd00000, 0x000000070bd00000| Untracked 
| 158|0x000000070be00000, 0x000000070be00000, 0x000000070bf00000|  0%| F|  |TAMS 0x000000070be00000, 0x000000070be00000| Untracked 
| 159|0x000000070bf00000, 0x000000070bf00000, 0x000000070c000000|  0%| F|  |TAMS 0x000000070bf00000, 0x000000070bf00000| Untracked 
| 160|0x000000070c000000, 0x000000070c000000, 0x000000070c100000|  0%| F|  |TAMS 0x000000070c000000, 0x000000070c000000| Untracked 
| 161|0x000000070c100000, 0x000000070c100000, 0x000000070c200000|  0%| F|  |TAMS 0x000000070c100000, 0x000000070c100000| Untracked 
| 162|0x000000070c200000, 0x000000070c200000, 0x000000070c300000|  0%| F|  |TAMS 0x000000070c200000, 0x000000070c200000| Untracked 
| 163|0x000000070c300000, 0x000000070c300000, 0x000000070c400000|  0%| F|  |TAMS 0x000000070c300000, 0x000000070c300000| Untracked 
| 164|0x000000070c400000, 0x000000070c400000, 0x000000070c500000|  0%| F|  |TAMS 0x000000070c400000, 0x000000070c400000| Untracked 
| 165|0x000000070c500000, 0x000000070c500000, 0x000000070c600000|  0%| F|  |TAMS 0x000000070c500000, 0x000000070c500000| Untracked 
| 166|0x000000070c600000, 0x000000070c600000, 0x000000070c700000|  0%| F|  |TAMS 0x000000070c600000, 0x000000070c600000| Untracked 
| 167|0x000000070c700000, 0x000000070c700000, 0x000000070c800000|  0%| F|  |TAMS 0x000000070c700000, 0x000000070c700000| Untracked 
| 168|0x000000070c800000, 0x000000070c800000, 0x000000070c900000|  0%| F|  |TAMS 0x000000070c800000, 0x000000070c800000| Untracked 
| 169|0x000000070c900000, 0x000000070c900000, 0x000000070ca00000|  0%| F|  |TAMS 0x000000070c900000, 0x000000070c900000| Untracked 
| 170|0x000000070ca00000, 0x000000070ca00000, 0x000000070cb00000|  0%| F|  |TAMS 0x000000070ca00000, 0x000000070ca00000| Untracked 
| 171|0x000000070cb00000, 0x000000070cb00000, 0x000000070cc00000|  0%| F|  |TAMS 0x000000070cb00000, 0x000000070cb00000| Untracked 
| 172|0x000000070cc00000, 0x000000070cc00000, 0x000000070cd00000|  0%| F|  |TAMS 0x000000070cc00000, 0x000000070cc00000| Untracked 
| 173|0x000000070cd00000, 0x000000070cd00000, 0x000000070ce00000|  0%| F|  |TAMS 0x000000070cd00000, 0x000000070cd00000| Untracked 
| 174|0x000000070ce00000, 0x000000070ce00000, 0x000000070cf00000|  0%| F|  |TAMS 0x000000070ce00000, 0x000000070ce00000| Untracked 
| 175|0x000000070cf00000, 0x000000070cf00000, 0x000000070d000000|  0%| F|  |TAMS 0x000000070cf00000, 0x000000070cf00000| Untracked 
| 176|0x000000070d000000, 0x000000070d000000, 0x000000070d100000|  0%| F|  |TAMS 0x000000070d000000, 0x000000070d000000| Untracked 
| 177|0x000000070d100000, 0x000000070d100000, 0x000000070d200000|  0%| F|  |TAMS 0x000000070d100000, 0x000000070d100000| Untracked 
| 178|0x000000070d200000, 0x000000070d200000, 0x000000070d300000|  0%| F|  |TAMS 0x000000070d200000, 0x000000070d200000| Untracked 
| 179|0x000000070d300000, 0x000000070d300000, 0x000000070d400000|  0%| F|  |TAMS 0x000000070d300000, 0x000000070d300000| Untracked 
| 180|0x000000070d400000, 0x000000070d400000, 0x000000070d500000|  0%| F|  |TAMS 0x000000070d400000, 0x000000070d400000| Untracked 
| 181|0x000000070d500000, 0x000000070d500000, 0x000000070d600000|  0%| F|  |TAMS 0x000000070d500000, 0x000000070d500000| Untracked 
| 182|0x000000070d600000, 0x000000070d600000, 0x000000070d700000|  0%| F|  |TAMS 0x000000070d600000, 0x000000070d600000| Untracked 
| 183|0x000000070d700000, 0x000000070d700000, 0x000000070d800000|  0%| F|  |TAMS 0x000000070d700000, 0x000000070d700000| Untracked 
| 184|0x000000070d800000, 0x000000070d800000, 0x000000070d900000|  0%| F|  |TAMS 0x000000070d800000, 0x000000070d800000| Untracked 
| 185|0x000000070d900000, 0x000000070d900000, 0x000000070da00000|  0%| F|  |TAMS 0x000000070d900000, 0x000000070d900000| Untracked 
| 186|0x000000070da00000, 0x000000070da00000, 0x000000070db00000|  0%| F|  |TAMS 0x000000070da00000, 0x000000070da00000| Untracked 
| 187|0x000000070db00000, 0x000000070db00000, 0x000000070dc00000|  0%| F|  |TAMS 0x000000070db00000, 0x000000070db00000| Untracked 
| 188|0x000000070dc00000, 0x000000070dc00000, 0x000000070dd00000|  0%| F|  |TAMS 0x000000070dc00000, 0x000000070dc00000| Untracked 
| 189|0x000000070dd00000, 0x000000070dd00000, 0x000000070de00000|  0%| F|  |TAMS 0x000000070dd00000, 0x000000070dd00000| Untracked 
| 190|0x000000070de00000, 0x000000070de00000, 0x000000070df00000|  0%| F|  |TAMS 0x000000070de00000, 0x000000070de00000| Untracked 
| 191|0x000000070df00000, 0x000000070df00000, 0x000000070e000000|  0%| F|  |TAMS 0x000000070df00000, 0x000000070df00000| Untracked 
| 192|0x000000070e000000, 0x000000070e000000, 0x000000070e100000|  0%| F|  |TAMS 0x000000070e000000, 0x000000070e000000| Untracked 
| 193|0x000000070e100000, 0x000000070e100000, 0x000000070e200000|  0%| F|  |TAMS 0x000000070e100000, 0x000000070e100000| Untracked 
| 194|0x000000070e200000, 0x000000070e200000, 0x000000070e300000|  0%| F|  |TAMS 0x000000070e200000, 0x000000070e200000| Untracked 
| 195|0x000000070e300000, 0x000000070e300000, 0x000000070e400000|  0%| F|  |TAMS 0x000000070e300000, 0x000000070e300000| Untracked 
| 196|0x000000070e400000, 0x000000070e400000, 0x000000070e500000|  0%| F|  |TAMS 0x000000070e400000, 0x000000070e400000| Untracked 
| 197|0x000000070e500000, 0x000000070e500000, 0x000000070e600000|  0%| F|  |TAMS 0x000000070e500000, 0x000000070e500000| Untracked 
| 198|0x000000070e600000, 0x000000070e600000, 0x000000070e700000|  0%| F|  |TAMS 0x000000070e600000, 0x000000070e600000| Untracked 
| 199|0x000000070e700000, 0x000000070e700000, 0x000000070e800000|  0%| F|  |TAMS 0x000000070e700000, 0x000000070e700000| Untracked 
| 200|0x000000070e800000, 0x000000070e800000, 0x000000070e900000|  0%| F|  |TAMS 0x000000070e800000, 0x000000070e800000| Untracked 
| 201|0x000000070e900000, 0x000000070e900000, 0x000000070ea00000|  0%| F|  |TAMS 0x000000070e900000, 0x000000070e900000| Untracked 
| 202|0x000000070ea00000, 0x000000070ea00000, 0x000000070eb00000|  0%| F|  |TAMS 0x000000070ea00000, 0x000000070ea00000| Untracked 
| 203|0x000000070eb00000, 0x000000070eb00000, 0x000000070ec00000|  0%| F|  |TAMS 0x000000070eb00000, 0x000000070eb00000| Untracked 
| 204|0x000000070ec00000, 0x000000070ec00000, 0x000000070ed00000|  0%| F|  |TAMS 0x000000070ec00000, 0x000000070ec00000| Untracked 
| 205|0x000000070ed00000, 0x000000070ed00000, 0x000000070ee00000|  0%| F|  |TAMS 0x000000070ed00000, 0x000000070ed00000| Untracked 
| 206|0x000000070ee00000, 0x000000070ee00000, 0x000000070ef00000|  0%| F|  |TAMS 0x000000070ee00000, 0x000000070ee00000| Untracked 
| 207|0x000000070ef00000, 0x000000070ef00000, 0x000000070f000000|  0%| F|  |TAMS 0x000000070ef00000, 0x000000070ef00000| Untracked 
| 208|0x000000070f000000, 0x000000070f000000, 0x000000070f100000|  0%| F|  |TAMS 0x000000070f000000, 0x000000070f000000| Untracked 
| 209|0x000000070f100000, 0x000000070f100000, 0x000000070f200000|  0%| F|  |TAMS 0x000000070f100000, 0x000000070f100000| Untracked 
| 210|0x000000070f200000, 0x000000070f200000, 0x000000070f300000|  0%| F|  |TAMS 0x000000070f200000, 0x000000070f200000| Untracked 
| 211|0x000000070f300000, 0x000000070f300000, 0x000000070f400000|  0%| F|  |TAMS 0x000000070f300000, 0x000000070f300000| Untracked 
| 212|0x000000070f400000, 0x000000070f400000, 0x000000070f500000|  0%| F|  |TAMS 0x000000070f400000, 0x000000070f400000| Untracked 
| 213|0x000000070f500000, 0x000000070f500000, 0x000000070f600000|  0%| F|  |TAMS 0x000000070f500000, 0x000000070f500000| Untracked 
| 214|0x000000070f600000, 0x000000070f600000, 0x000000070f700000|  0%| F|  |TAMS 0x000000070f600000, 0x000000070f600000| Untracked 
| 215|0x000000070f700000, 0x000000070f700000, 0x000000070f800000|  0%| F|  |TAMS 0x000000070f700000, 0x000000070f700000| Untracked 
| 216|0x000000070f800000, 0x000000070f800000, 0x000000070f900000|  0%| F|  |TAMS 0x000000070f800000, 0x000000070f800000| Untracked 
| 217|0x000000070f900000, 0x000000070f900000, 0x000000070fa00000|  0%| F|  |TAMS 0x000000070f900000, 0x000000070f900000| Untracked 
| 218|0x000000070fa00000, 0x000000070fa00000, 0x000000070fb00000|  0%| F|  |TAMS 0x000000070fa00000, 0x000000070fa00000| Untracked 
| 219|0x000000070fb00000, 0x000000070fb00000, 0x000000070fc00000|  0%| F|  |TAMS 0x000000070fb00000, 0x000000070fb00000| Untracked 
| 220|0x000000070fc00000, 0x000000070fc00000, 0x000000070fd00000|  0%| F|  |TAMS 0x000000070fc00000, 0x000000070fc00000| Untracked 
| 221|0x000000070fd00000, 0x000000070fd00000, 0x000000070fe00000|  0%| F|  |TAMS 0x000000070fd00000, 0x000000070fd00000| Untracked 
| 222|0x000000070fe00000, 0x000000070fe00000, 0x000000070ff00000|  0%| F|  |TAMS 0x000000070fe00000, 0x000000070fe00000| Untracked 
| 223|0x000000070ff00000, 0x000000070ff00000, 0x0000000710000000|  0%| F|  |TAMS 0x000000070ff00000, 0x000000070ff00000| Untracked 
| 224|0x0000000710000000, 0x0000000710000000, 0x0000000710100000|  0%| F|  |TAMS 0x0000000710000000, 0x0000000710000000| Untracked 
| 225|0x0000000710100000, 0x0000000710100000, 0x0000000710200000|  0%| F|  |TAMS 0x0000000710100000, 0x0000000710100000| Untracked 
| 226|0x0000000710200000, 0x0000000710200000, 0x0000000710300000|  0%| F|  |TAMS 0x0000000710200000, 0x0000000710200000| Untracked 
| 227|0x0000000710300000, 0x0000000710300000, 0x0000000710400000|  0%| F|  |TAMS 0x0000000710300000, 0x0000000710300000| Untracked 
| 228|0x0000000710400000, 0x0000000710400000, 0x0000000710500000|  0%| F|  |TAMS 0x0000000710400000, 0x0000000710400000| Untracked 
| 229|0x0000000710500000, 0x0000000710500000, 0x0000000710600000|  0%| F|  |TAMS 0x0000000710500000, 0x0000000710500000| Untracked 
| 230|0x0000000710600000, 0x0000000710600000, 0x0000000710700000|  0%| F|  |TAMS 0x0000000710600000, 0x0000000710600000| Untracked 
| 231|0x0000000710700000, 0x0000000710787948, 0x0000000710800000| 52%| E|  |TAMS 0x0000000710700000, 0x0000000710700000| Complete 
| 232|0x0000000710800000, 0x0000000710900000, 0x0000000710900000|100%| E|CS|TAMS 0x0000000710800000, 0x0000000710800000| Complete 
| 233|0x0000000710900000, 0x0000000710a00000, 0x0000000710a00000|100%| E|CS|TAMS 0x0000000710900000, 0x0000000710900000| Complete 
| 234|0x0000000710a00000, 0x0000000710b00000, 0x0000000710b00000|100%| E|CS|TAMS 0x0000000710a00000, 0x0000000710a00000| Complete 
| 235|0x0000000710b00000, 0x0000000710c00000, 0x0000000710c00000|100%| E|CS|TAMS 0x0000000710b00000, 0x0000000710b00000| Complete 
| 236|0x0000000710c00000, 0x0000000710d00000, 0x0000000710d00000|100%| E|CS|TAMS 0x0000000710c00000, 0x0000000710c00000| Complete 
| 237|0x0000000710d00000, 0x0000000710e00000, 0x0000000710e00000|100%| E|CS|TAMS 0x0000000710d00000, 0x0000000710d00000| Complete 
| 238|0x0000000710e00000, 0x0000000710f00000, 0x0000000710f00000|100%| E|CS|TAMS 0x0000000710e00000, 0x0000000710e00000| Complete 
| 239|0x0000000710f00000, 0x0000000711000000, 0x0000000711000000|100%| E|CS|TAMS 0x0000000710f00000, 0x0000000710f00000| Complete 
| 240|0x0000000711000000, 0x0000000711100000, 0x0000000711100000|100%| E|CS|TAMS 0x0000000711000000, 0x0000000711000000| Complete 
| 241|0x0000000711100000, 0x0000000711200000, 0x0000000711200000|100%| E|CS|TAMS 0x0000000711100000, 0x0000000711100000| Complete 
| 242|0x0000000711200000, 0x0000000711300000, 0x0000000711300000|100%| E|CS|TAMS 0x0000000711200000, 0x0000000711200000| Complete 
| 243|0x0000000711300000, 0x0000000711400000, 0x0000000711400000|100%| E|CS|TAMS 0x0000000711300000, 0x0000000711300000| Complete 
| 244|0x0000000711400000, 0x0000000711500000, 0x0000000711500000|100%| E|CS|TAMS 0x0000000711400000, 0x0000000711400000| Complete 
| 245|0x0000000711500000, 0x0000000711600000, 0x0000000711600000|100%| E|CS|TAMS 0x0000000711500000, 0x0000000711500000| Complete 
| 246|0x0000000711600000, 0x0000000711700000, 0x0000000711700000|100%| E|CS|TAMS 0x0000000711600000, 0x0000000711600000| Complete 
| 247|0x0000000711700000, 0x0000000711800000, 0x0000000711800000|100%| E|CS|TAMS 0x0000000711700000, 0x0000000711700000| Complete 
| 248|0x0000000711800000, 0x0000000711900000, 0x0000000711900000|100%| E|CS|TAMS 0x0000000711800000, 0x0000000711800000| Complete 
| 249|0x0000000711900000, 0x0000000711a00000, 0x0000000711a00000|100%| E|CS|TAMS 0x0000000711900000, 0x0000000711900000| Complete 
| 250|0x0000000711a00000, 0x0000000711b00000, 0x0000000711b00000|100%| E|CS|TAMS 0x0000000711a00000, 0x0000000711a00000| Complete 
| 251|0x0000000711b00000, 0x0000000711c00000, 0x0000000711c00000|100%| E|CS|TAMS 0x0000000711b00000, 0x0000000711b00000| Complete 
| 252|0x0000000711c00000, 0x0000000711d00000, 0x0000000711d00000|100%| E|CS|TAMS 0x0000000711c00000, 0x0000000711c00000| Complete 
| 253|0x0000000711d00000, 0x0000000711e00000, 0x0000000711e00000|100%| E|CS|TAMS 0x0000000711d00000, 0x0000000711d00000| Complete 

Card table byte_map: [0x000001f1ff450000,0x000001f1ffc40000] _byte_map_base: 0x000001f1fbc40000

Marking Bits (Prev, Next): (CMBitMap*) 0x000001f1ea29f778, (CMBitMap*) 0x000001f1ea29f7b0
 Prev Bits: [0x000001f1807f0000, 0x000001f184770000)
 Next Bits: [0x000001f184770000, 0x000001f1886f0000)

Polling page: 0x000001f1ea310000

Metaspace:

Usage:
  Non-class:     40.29 MB capacity,    39.59 MB ( 98%) used,   580.06 KB (  1%) free+waste,   138.25 KB ( <1%) overhead. 
      Class:      5.15 MB capacity,     4.70 MB ( 91%) used,   402.69 KB (  8%) free+waste,    62.38 KB (  1%) overhead. 
       Both:     45.44 MB capacity,    44.29 MB ( 97%) used,   982.75 KB (  2%) free+waste,   200.63 KB ( <1%) overhead. 

Virtual space:
  Non-class space:       42.00 MB reserved,      40.50 MB ( 96%) committed 
      Class space:        1.00 GB reserved,       5.25 MB ( <1%) committed 
             Both:        1.04 GB reserved,      45.75 MB (  4%) committed 

Chunk freelists:
   Non-Class:  23.00 KB
       Class:  4.00 KB
        Both:  27.00 KB

MaxMetaspaceSize: 17179869184.00 GB
CompressedClassSpaceSize: 1.00 GB

CodeHeap 'non-profiled nmethods': size=120064Kb used=6867Kb max_used=6867Kb free=113196Kb
 bounds [0x000001f1f70f0000, 0x000001f1f77b0000, 0x000001f1fe630000]
CodeHeap 'profiled nmethods': size=120000Kb used=20089Kb max_used=20089Kb free=99910Kb
 bounds [0x000001f1efbc0000, 0x000001f1f0f60000, 0x000001f1f70f0000]
CodeHeap 'non-nmethods': size=5696Kb used=1185Kb max_used=1251Kb free=4510Kb
 bounds [0x000001f1ef630000, 0x000001f1ef8a0000, 0x000001f1efbc0000]
 total_blobs=8047 nmethods=7516 adapters=442
 compilation: enabled
              stopped_count=0, restarted_count=0
 full_count=0

Compilation events (20 events):
Event: 325.931 Thread 0x000001f18a9ea800 7537       3       com.google.gson.internal.LinkedTreeMap$EntrySet$1::next (5 bytes)
Event: 325.931 Thread 0x000001f18a9ea800 nmethod 7537 0x000001f1f0f56490 code [0x000001f1f0f56640, 0x000001f1f0f56768]
Event: 325.931 Thread 0x000001f18a9ea800 7538       3       com.google.gson.internal.LinkedTreeMap$LinkedTreeMapIterator::nextNode (61 bytes)
Event: 325.931 Thread 0x000001f18a9ea800 nmethod 7538 0x000001f1f0f56810 code [0x000001f1f0f56a00, 0x000001f1f0f56e18]
Event: 325.937 Thread 0x000001f18a9ea800 7539       1       org.springframework.ide.vscode.commons.java.ClasspathData::getName (5 bytes)
Event: 325.938 Thread 0x000001f18a9ea800 nmethod 7539 0x000001f1f779c210 code [0x000001f1f779c3c0, 0x000001f1f779c478]
Event: 325.977 Thread 0x000001f18b302000 nmethod 7517 0x000001f1f779c510 code [0x000001f1f779c940, 0x000001f1f77a1a08]
Event: 325.977 Thread 0x000001f18b302000 7526       4       com.google.gson.stream.JsonWriter::push (47 bytes)
Event: 325.978 Thread 0x000001f18b302000 nmethod 7526 0x000001f1f77a4390 code [0x000001f1f77a4520, 0x000001f1f77a45d8]
Event: 325.978 Thread 0x000001f18b302000 7520       4       org.eclipse.jdt.core.dom.DefaultASTVisitor::visit (6 bytes)
Event: 325.980 Thread 0x000001f18b302000 nmethod 7520 0x000001f1f77a4690 code [0x000001f1f77a4840, 0x000001f1f77a4a78]
Event: 327.503 Thread 0x000001f18b302000 7540   !   4       org.eclipse.jdt.internal.compiler.classfmt.ClassFileReader::<init> (1936 bytes)
Event: 327.507 Thread 0x000001f18a9ea800 7542  s    3       org.eclipse.jdt.internal.compiler.ClassFilePool::acquire (87 bytes)
Event: 327.508 Thread 0x000001f18a9ea800 nmethod 7542 0x000001f1f0f56f90 code [0x000001f1f0f571e0, 0x000001f1f0f57ce8]
Event: 327.508 Thread 0x000001f18a9ea800 7543       3       org.eclipse.jdt.internal.compiler.ClassFile::initialize (448 bytes)
Event: 327.512 Thread 0x000001f18a9ea800 nmethod 7543 0x000001f1f0f58110 code [0x000001f1f0f58480, 0x000001f1f0f59ee8]
Event: 327.512 Thread 0x000001f18a9ea800 7544       3       org.eclipse.jdt.internal.compiler.ClassFile::addAttributes (632 bytes)
Event: 327.516 Thread 0x000001f18a9ea800 nmethod 7544 0x000001f1f0f5a810 code [0x000001f1f0f5acc0, 0x000001f1f0f5d228]
Event: 327.516 Thread 0x000001f18a9ea800 7545       3       org.eclipse.jdt.internal.compiler.CompilationResult::record (41 bytes)
Event: 327.516 Thread 0x000001f18a9ea800 nmethod 7545 0x000001f1f0f5e010 code [0x000001f1f0f5e1e0, 0x000001f1f0f5e5e8]

GC Heap History (20 events):
Event: 123.234 GC heap before
{Heap before GC invocations=12 (full 0):
 garbage-first heap   total 260096K, used 162355K [0x0000000702000000, 0x0000000800000000)
  region size 1024K, 152 young (155648K), 11 survivors (11264K)
 Metaspace       used 43653K, capacity 44827K, committed 45056K, reserved 1089536K
  class space    used 4782K, capacity 5259K, committed 5376K, reserved 1048576K
}
Event: 123.251 GC heap after
{Heap after GC invocations=13 (full 0):
 garbage-first heap   total 260096K, used 18393K [0x0000000702000000, 0x0000000800000000)
  region size 1024K, 11 young (11264K), 11 survivors (11264K)
 Metaspace       used 43653K, capacity 44827K, committed 45056K, reserved 1089536K
  class space    used 4782K, capacity 5259K, committed 5376K, reserved 1048576K
}
Event: 140.702 GC heap before
{Heap before GC invocations=13 (full 0):
 garbage-first heap   total 260096K, used 162777K [0x0000000702000000, 0x0000000800000000)
  region size 1024K, 152 young (155648K), 11 survivors (11264K)
 Metaspace       used 43922K, capacity 45118K, committed 45312K, reserved 1089536K
  class space    used 4801K, capacity 5269K, committed 5376K, reserved 1048576K
}
Event: 140.715 GC heap after
{Heap after GC invocations=14 (full 0):
 garbage-first heap   total 260096K, used 18803K [0x0000000702000000, 0x0000000800000000)
  region size 1024K, 10 young (10240K), 10 survivors (10240K)
 Metaspace       used 43922K, capacity 45118K, committed 45312K, reserved 1089536K
  class space    used 4801K, capacity 5269K, committed 5376K, reserved 1048576K
}
Event: 161.372 GC heap before
{Heap before GC invocations=14 (full 0):
 garbage-first heap   total 260096K, used 164211K [0x0000000702000000, 0x0000000800000000)
  region size 1024K, 152 young (155648K), 10 survivors (10240K)
 Metaspace       used 44248K, capacity 45399K, committed 45568K, reserved 1089536K
  class space    used 4805K, capacity 5273K, committed 5376K, reserved 1048576K
}
Event: 161.380 GC heap after
{Heap after GC invocations=15 (full 0):
 garbage-first heap   total 260096K, used 18718K [0x0000000702000000, 0x0000000800000000)
  region size 1024K, 10 young (10240K), 10 survivors (10240K)
 Metaspace       used 44248K, capacity 45399K, committed 45568K, reserved 1089536K
  class space    used 4805K, capacity 5273K, committed 5376K, reserved 1048576K
}
Event: 192.721 GC heap before
{Heap before GC invocations=15 (full 0):
 garbage-first heap   total 260096K, used 164126K [0x0000000702000000, 0x0000000800000000)
  region size 1024K, 152 young (155648K), 10 survivors (10240K)
 Metaspace       used 44329K, capacity 45528K, committed 45824K, reserved 1089536K
  class space    used 4806K, capacity 5273K, committed 5376K, reserved 1048576K
}
Event: 192.731 GC heap after
{Heap after GC invocations=16 (full 0):
 garbage-first heap   total 260096K, used 18057K [0x0000000702000000, 0x0000000800000000)
  region size 1024K, 9 young (9216K), 9 survivors (9216K)
 Metaspace       used 44329K, capacity 45528K, committed 45824K, reserved 1089536K
  class space    used 4806K, capacity 5273K, committed 5376K, reserved 1048576K
}
Event: 218.921 GC heap before
{Heap before GC invocations=16 (full 0):
 garbage-first heap   total 260096K, used 163465K [0x0000000702000000, 0x0000000800000000)
  region size 1024K, 152 young (155648K), 9 survivors (9216K)
 Metaspace       used 44441K, capacity 45661K, committed 45824K, reserved 1089536K
  class space    used 4806K, capacity 5273K, committed 5376K, reserved 1048576K
}
Event: 218.930 GC heap after
{Heap after GC invocations=17 (full 0):
 garbage-first heap   total 260096K, used 18346K [0x0000000702000000, 0x0000000800000000)
  region size 1024K, 9 young (9216K), 9 survivors (9216K)
 Metaspace       used 44441K, capacity 45661K, committed 45824K, reserved 1089536K
  class space    used 4806K, capacity 5273K, committed 5376K, reserved 1048576K
}
Event: 245.036 GC heap before
{Heap before GC invocations=17 (full 0):
 garbage-first heap   total 260096K, used 164778K [0x0000000702000000, 0x0000000800000000)
  region size 1024K, 152 young (155648K), 9 survivors (9216K)
 Metaspace       used 44677K, capacity 45935K, committed 46080K, reserved 1089536K
  class space    used 4808K, capacity 5276K, committed 5376K, reserved 1048576K
}
Event: 245.045 GC heap after
{Heap after GC invocations=18 (full 0):
 garbage-first heap   total 260096K, used 18713K [0x0000000702000000, 0x0000000800000000)
  region size 1024K, 10 young (10240K), 10 survivors (10240K)
 Metaspace       used 44677K, capacity 45935K, committed 46080K, reserved 1089536K
  class space    used 4808K, capacity 5276K, committed 5376K, reserved 1048576K
}
Event: 271.134 GC heap before
{Heap before GC invocations=18 (full 0):
 garbage-first heap   total 260096K, used 164121K [0x0000000702000000, 0x0000000800000000)
  region size 1024K, 152 young (155648K), 10 survivors (10240K)
 Metaspace       used 44809K, capacity 46012K, committed 46336K, reserved 1089536K
  class space    used 4809K, capacity 5276K, committed 5376K, reserved 1048576K
}
Event: 271.142 GC heap after
{Heap after GC invocations=19 (full 0):
 garbage-first heap   total 260096K, used 18731K [0x0000000702000000, 0x0000000800000000)
  region size 1024K, 10 young (10240K), 10 survivors (10240K)
 Metaspace       used 44809K, capacity 46012K, committed 46336K, reserved 1089536K
  class space    used 4809K, capacity 5276K, committed 5376K, reserved 1048576K
}
Event: 286.951 GC heap before
{Heap before GC invocations=19 (full 0):
 garbage-first heap   total 260096K, used 163115K [0x0000000702000000, 0x0000000800000000)
  region size 1024K, 152 young (155648K), 10 survivors (10240K)
 Metaspace       used 44948K, capacity 46140K, committed 46336K, reserved 1089536K
  class space    used 4809K, capacity 5276K, committed 5376K, reserved 1048576K
}
Event: 286.960 GC heap after
{Heap after GC invocations=20 (full 0):
 garbage-first heap   total 260096K, used 19370K [0x0000000702000000, 0x0000000800000000)
  region size 1024K, 10 young (10240K), 10 survivors (10240K)
 Metaspace       used 44948K, capacity 46140K, committed 46336K, reserved 1089536K
  class space    used 4809K, capacity 5276K, committed 5376K, reserved 1048576K
}
Event: 302.722 GC heap before
{Heap before GC invocations=20 (full 0):
 garbage-first heap   total 260096K, used 164778K [0x0000000702000000, 0x0000000800000000)
  region size 1024K, 152 young (155648K), 10 survivors (10240K)
 Metaspace       used 45091K, capacity 46275K, committed 46592K, reserved 1091584K
  class space    used 4810K, capacity 5276K, committed 5376K, reserved 1048576K
}
Event: 302.733 GC heap after
{Heap after GC invocations=21 (full 0):
 garbage-first heap   total 260096K, used 19151K [0x0000000702000000, 0x0000000800000000)
  region size 1024K, 10 young (10240K), 10 survivors (10240K)
 Metaspace       used 45091K, capacity 46275K, committed 46592K, reserved 1091584K
  class space    used 4810K, capacity 5276K, committed 5376K, reserved 1048576K
}
Event: 325.685 GC heap before
{Heap before GC invocations=21 (full 0):
 garbage-first heap   total 260096K, used 164559K [0x0000000702000000, 0x0000000800000000)
  region size 1024K, 152 young (155648K), 10 survivors (10240K)
 Metaspace       used 45318K, capacity 46469K, committed 46592K, reserved 1091584K
  class space    used 4810K, capacity 5276K, committed 5376K, reserved 1048576K
}
Event: 325.709 GC heap after
{Heap after GC invocations=22 (full 0):
 garbage-first heap   total 260096K, used 19370K [0x0000000702000000, 0x0000000800000000)
  region size 1024K, 10 young (10240K), 10 survivors (10240K)
 Metaspace       used 45318K, capacity 46469K, committed 46592K, reserved 1091584K
  class space    used 4810K, capacity 5276K, committed 5376K, reserved 1048576K
}

Deoptimization events (20 events):
Event: 324.863 Thread 0x000001f18d9ce800 DEOPT PACKING pc=0x000001f1f0eefa72 sp=0x00000079086fcbc0
Event: 324.863 Thread 0x000001f18d9ce800 DEOPT UNPACKING pc=0x000001f1ef65794e sp=0x00000079086fc158 mode 0
Event: 325.354 Thread 0x000001f18d9ce800 DEOPT PACKING pc=0x000001f1f0eefa72 sp=0x00000079086fcbc0
Event: 325.354 Thread 0x000001f18d9ce800 DEOPT UNPACKING pc=0x000001f1ef65794e sp=0x00000079086fc158 mode 0
Event: 325.728 Thread 0x000001f18d9ce800 DEOPT PACKING pc=0x000001f1f0eefa72 sp=0x00000079086fc580
Event: 325.728 Thread 0x000001f18d9ce800 DEOPT UNPACKING pc=0x000001f1ef65794e sp=0x00000079086fbb18 mode 0
Event: 325.887 Thread 0x000001f18d9d0800 Uncommon trap: trap_request=0xffffff4d fr.pc=0x000001f1f7735b2c relative=0x0000000000000f8c
Event: 325.887 Thread 0x000001f18d9d0800 Uncommon trap: reason=unstable_if action=reinterpret pc=0x000001f1f7735b2c method=org.eclipse.jdt.internal.compiler.parser.Scanner.pushLineSeparator()V @ 33 c2
Event: 325.887 Thread 0x000001f18d9d0800 DEOPT PACKING pc=0x000001f1f7735b2c sp=0x00000079082fe8f0
Event: 325.887 Thread 0x000001f18d9d0800 DEOPT UNPACKING pc=0x000001f1ef657b2f sp=0x00000079082fe7d0 mode 2
Event: 325.897 Thread 0x000001f18d9d0800 Uncommon trap: trap_request=0xffffffde fr.pc=0x000001f1f7668568 relative=0x0000000000000548
Event: 325.897 Thread 0x000001f18d9d0800 Uncommon trap: reason=class_check action=maybe_recompile pc=0x000001f1f7668568 method=org.eclipse.jdt.internal.compiler.parser.Parser.recoveryTokenCheck()V @ 269 c2
Event: 325.897 Thread 0x000001f18d9d0800 DEOPT PACKING pc=0x000001f1f7668568 sp=0x00000079082fd640
Event: 325.897 Thread 0x000001f18d9d0800 DEOPT UNPACKING pc=0x000001f1ef657b2f sp=0x00000079082fd5e8 mode 2
Event: 325.897 Thread 0x000001f18d9d0800 Uncommon trap: trap_request=0xffffffde fr.pc=0x000001f1f7668568 relative=0x0000000000000548
Event: 325.897 Thread 0x000001f18d9d0800 Uncommon trap: reason=class_check action=maybe_recompile pc=0x000001f1f7668568 method=org.eclipse.jdt.internal.compiler.parser.Parser.recoveryTokenCheck()V @ 269 c2
Event: 325.897 Thread 0x000001f18d9d0800 DEOPT PACKING pc=0x000001f1f7668568 sp=0x00000079082fd640
Event: 325.897 Thread 0x000001f18d9d0800 DEOPT UNPACKING pc=0x000001f1ef657b2f sp=0x00000079082fd5e8 mode 2
Event: 327.503 Thread 0x000001f18d9ce800 DEOPT PACKING pc=0x000001f1f0eefa72 sp=0x00000079086fcce0
Event: 327.503 Thread 0x000001f18d9ce800 DEOPT UNPACKING pc=0x000001f1ef65794e sp=0x00000079086fc278 mode 0

Classes redefined (0 events):
No events

Internal exceptions (20 events):
Event: 294.645 Thread 0x000001f18d9ce800 Exception <a 'java/lang/ArrayIndexOutOfBoundsException'{0x000000070dd37dc8}> (0x000000070dd37dc8) thrown at [./src/hotspot/share/runtime/sharedRuntime.cpp, line 585]
Event: 294.645 Thread 0x000001f18d9ce800 Exception <a 'java/lang/ArrayIndexOutOfBoundsException'{0x000000070dd38390}> (0x000000070dd38390) thrown at [./src/hotspot/share/runtime/sharedRuntime.cpp, line 585]
Event: 294.645 Thread 0x000001f18d9ce800 Exception <a 'java/lang/ArrayIndexOutOfBoundsException'{0x000000070dd402f8}> (0x000000070dd402f8) thrown at [./src/hotspot/share/runtime/sharedRuntime.cpp, line 585]
Event: 294.787 Thread 0x000001f18d9ce800 Exception <a 'java/lang/ArrayIndexOutOfBoundsException'{0x000000070dced2f8}> (0x000000070dced2f8) thrown at [./src/hotspot/share/runtime/sharedRuntime.cpp, line 585]
Event: 294.787 Thread 0x000001f18d9ce800 Exception <a 'java/lang/ArrayIndexOutOfBoundsException'{0x000000070dced8c0}> (0x000000070dced8c0) thrown at [./src/hotspot/share/runtime/sharedRuntime.cpp, line 585]
Event: 294.787 Thread 0x000001f18d9ce800 Exception <a 'java/lang/ArrayIndexOutOfBoundsException'{0x000000070dcede88}> (0x000000070dcede88) thrown at [./src/hotspot/share/runtime/sharedRuntime.cpp, line 585]
Event: 294.787 Thread 0x000001f18d9ce800 Exception <a 'java/lang/ArrayIndexOutOfBoundsException'{0x000000070dcf5df0}> (0x000000070dcf5df0) thrown at [./src/hotspot/share/runtime/sharedRuntime.cpp, line 585]
Event: 325.896 Thread 0x000001f18d9d0800 Exception <a 'java/lang/ArrayIndexOutOfBoundsException'{0x0000000710b4c218}: Index 277 out of bounds for length 277> (0x0000000710b4c218) thrown at [./src/hotspot/share/interpreter/interpreterRuntime.cpp, line 444]
Event: 325.896 Thread 0x000001f18d9d0800 Exception <a 'java/lang/ArrayIndexOutOfBoundsException'{0x0000000710b60f00}: Index 757 out of bounds for length 757> (0x0000000710b60f00) thrown at [./src/hotspot/share/interpreter/interpreterRuntime.cpp, line 444]
Event: 325.897 Thread 0x000001f18d9d0800 Exception <a 'java/lang/ArrayIndexOutOfBoundsException'{0x0000000710b74b58}: Index 555 out of bounds for length 555> (0x0000000710b74b58) thrown at [./src/hotspot/share/interpreter/interpreterRuntime.cpp, line 444]
Event: 325.897 Thread 0x000001f18d9d0800 Exception <a 'java/lang/ArrayIndexOutOfBoundsException'{0x0000000710b75120}: Index 555 out of bounds for length 555> (0x0000000710b75120) thrown at [./src/hotspot/share/interpreter/interpreterRuntime.cpp, line 444]
Event: 325.897 Thread 0x000001f18d9d0800 Exception <a 'java/lang/ArrayIndexOutOfBoundsException'{0x0000000710b756e8}: Index 556 out of bounds for length 555> (0x0000000710b756e8) thrown at [./src/hotspot/share/interpreter/interpreterRuntime.cpp, line 444]
Event: 325.897 Thread 0x000001f18d9d0800 Exception <a 'java/lang/ArrayIndexOutOfBoundsException'{0x0000000710b87f40}: Index 260 out of bounds for length 260> (0x0000000710b87f40) thrown at [./src/hotspot/share/interpreter/interpreterRuntime.cpp, line 444]
Event: 325.898 Thread 0x000001f18d9d0800 Exception <a 'java/lang/ArrayIndexOutOfBoundsException'{0x0000000710b9a6b8}: Index 442 out of bounds for length 442> (0x0000000710b9a6b8) thrown at [./src/hotspot/share/interpreter/interpreterRuntime.cpp, line 444]
Event: 325.898 Thread 0x000001f18d9d0800 Exception <a 'java/lang/ArrayIndexOutOfBoundsException'{0x0000000710bacd18}: Index 358 out of bounds for length 358> (0x0000000710bacd18) thrown at [./src/hotspot/share/interpreter/interpreterRuntime.cpp, line 444]
Event: 325.899 Thread 0x000001f18d9d0800 Exception <a 'java/lang/ArrayIndexOutOfBoundsException'{0x0000000710bbffe8}: Index 244 out of bounds for length 244> (0x0000000710bbffe8) thrown at [./src/hotspot/share/interpreter/interpreterRuntime.cpp, line 444]
Event: 325.900 Thread 0x000001f18d9d0800 Exception <a 'java/lang/ArrayIndexOutOfBoundsException'{0x0000000710bcf0a8}: Index 260 out of bounds for length 260> (0x0000000710bcf0a8) thrown at [./src/hotspot/share/interpreter/interpreterRuntime.cpp, line 444]
Event: 327.483 Thread 0x000001f18d9ce800 Exception <a 'java/lang/ArrayIndexOutOfBoundsException'{0x0000000711bab270}> (0x0000000711bab270) thrown at [./src/hotspot/share/runtime/sharedRuntime.cpp, line 585]
Event: 327.498 Thread 0x000001f18d9ce800 Exception <a 'java/lang/ArrayIndexOutOfBoundsException'{0x00000007109f2998}> (0x00000007109f2998) thrown at [./src/hotspot/share/runtime/sharedRuntime.cpp, line 585]
Event: 327.600 Thread 0x000001f18d9ce800 Exception <a 'java/lang/ArrayIndexOutOfBoundsException'{0x00000007108b1328}> (0x00000007108b1328) thrown at [./src/hotspot/share/runtime/sharedRuntime.cpp, line 585]

Events (20 events):
Event: 296.392 Executing VM operation: RevokeBias
Event: 296.392 Executing VM operation: RevokeBias done
Event: 297.177 Thread 0x000001f18c7ce800 Thread added: 0x000001f18c7ce800
Event: 297.184 Executing VM operation: RevokeBias
Event: 297.184 Executing VM operation: RevokeBias done
Event: 297.680 Thread 0x000001f18c7ce800 Thread exited: 0x000001f18c7ce800
Event: 302.722 Executing VM operation: G1CollectForAllocation
Event: 302.733 Executing VM operation: G1CollectForAllocation done
Event: 310.143 Executing VM operation: RevokeBias
Event: 310.143 Executing VM operation: RevokeBias done
Event: 310.340 Executing VM operation: ICBufferFull
Event: 310.340 Executing VM operation: ICBufferFull done
Event: 314.683 Executing VM operation: RevokeBias
Event: 314.683 Executing VM operation: RevokeBias done
Event: 320.975 Executing VM operation: RevokeBias
Event: 320.975 Executing VM operation: RevokeBias done
Event: 325.685 Executing VM operation: G1CollectForAllocation
Event: 325.709 Executing VM operation: G1CollectForAllocation done
Event: 325.902 loading class org/springframework/ide/vscode/boot/java/utils/DefaultSymbolProvider
Event: 325.902 loading class org/springframework/ide/vscode/boot/java/utils/DefaultSymbolProvider done


Dynamic libraries:
0x00007ff67f980000 - 0x00007ff67f98a000 	C:\software\idealC-2020.3.1\jbr\bin\java.exe
0x00007ffc9d160000 - 0x00007ffc9d350000 	C:\WINDOWS\SYSTEM32\ntdll.dll
0x00007ffc9cec0000 - 0x00007ffc9cf72000 	C:\WINDOWS\System32\KERNEL32.DLL
0x00007ffc9aba0000 - 0x00007ffc9ae43000 	C:\WINDOWS\System32\KERNELBASE.dll
0x00007ffc9aee0000 - 0x00007ffc9afda000 	C:\WINDOWS\System32\ucrtbase.dll
0x00007ffc7bed0000 - 0x00007ffc7bee7000 	C:\software\idealC-2020.3.1\jbr\bin\VCRUNTIME140.dll
0x00007ffc7d990000 - 0x00007ffc7d9a9000 	C:\software\idealC-2020.3.1\jbr\bin\jli.dll
0x00007ffc9cf80000 - 0x00007ffc9d113000 	C:\WINDOWS\System32\USER32.dll
0x00007ffc9a140000 - 0x00007ffc9a161000 	C:\WINDOWS\System32\win32u.dll
0x00007ffc88fd0000 - 0x00007ffc89255000 	C:\WINDOWS\WinSxS\amd64_microsoft.windows.common-controls_6595b64144ccf1df_6.0.18362.175_none_e6c3ab1f131014c9\COMCTL32.dll
0x00007ffc9bdf0000 - 0x00007ffc9be16000 	C:\WINDOWS\System32\GDI32.dll
0x00007ffc9c7c0000 - 0x00007ffc9c85e000 	C:\WINDOWS\System32\msvcrt.dll
0x00007ffc9a170000 - 0x00007ffc9a304000 	C:\WINDOWS\System32\gdi32full.dll
0x00007ffc9c480000 - 0x00007ffc9c7b6000 	C:\WINDOWS\System32\combase.dll
0x00007ffc9afe0000 - 0x00007ffc9b07e000 	C:\WINDOWS\System32\msvcp_win.dll
0x00007ffc9c170000 - 0x00007ffc9c290000 	C:\WINDOWS\System32\RPCRT4.dll
0x00007ffc9ae50000 - 0x00007ffc9aed1000 	C:\WINDOWS\System32\bcryptPrimitives.dll
0x00007ffc9bc60000 - 0x00007ffc9bc8e000 	C:\WINDOWS\System32\IMM32.DLL
0x00007ffc755c0000 - 0x00007ffc7565d000 	C:\software\idealC-2020.3.1\jbr\bin\msvcp140.dll
0x00007ffc56d20000 - 0x00007ffc577f0000 	C:\software\idealC-2020.3.1\jbr\bin\server\jvm.dll
0x00007ffc9c9a0000 - 0x00007ffc9ca43000 	C:\WINDOWS\System32\ADVAPI32.dll
0x00007ffc9b290000 - 0x00007ffc9b327000 	C:\WINDOWS\System32\sechost.dll
0x00007ffc9bb60000 - 0x00007ffc9bb68000 	C:\WINDOWS\System32\PSAPI.DLL
0x00007ffc98b90000 - 0x00007ffc98b99000 	C:\WINDOWS\SYSTEM32\WSOCK32.dll
0x00007ffc96000000 - 0x00007ffc96024000 	C:\WINDOWS\SYSTEM32\WINMM.dll
0x00007ffc9bfd0000 - 0x00007ffc9c03f000 	C:\WINDOWS\System32\WS2_32.dll
0x00007ffc8e150000 - 0x00007ffc8e15a000 	C:\WINDOWS\SYSTEM32\VERSION.dll
0x00007ffc95fd0000 - 0x00007ffc95ffd000 	C:\WINDOWS\SYSTEM32\WINMMBASE.dll
0x00007ffc9b1d0000 - 0x00007ffc9b21a000 	C:\WINDOWS\System32\cfgmgr32.dll
0x00007ffc9a0b0000 - 0x00007ffc9a0c1000 	C:\WINDOWS\System32\kernel.appcore.dll
0x00007ffc8c110000 - 0x00007ffc8c121000 	C:\software\idealC-2020.3.1\jbr\bin\verify.dll
0x00007ffc98950000 - 0x00007ffc98b44000 	C:\WINDOWS\SYSTEM32\DBGHELP.DLL
0x00007ffc86750000 - 0x00007ffc8677a000 	C:\WINDOWS\SYSTEM32\dbgcore.DLL
0x00007ffc83870000 - 0x00007ffc83899000 	C:\software\idealC-2020.3.1\jbr\bin\java.dll
0x00007ffc934b0000 - 0x00007ffc934bb000 	C:\software\idealC-2020.3.1\jbr\bin\jimage.dll
0x00007ffc8b1a0000 - 0x00007ffc8b1b8000 	C:\software\idealC-2020.3.1\jbr\bin\zip.dll
0x00007ffc9b400000 - 0x00007ffc9bae0000 	C:\WINDOWS\System32\SHELL32.dll
0x00007ffc9c040000 - 0x00007ffc9c0e9000 	C:\WINDOWS\System32\shcore.dll
0x00007ffc9a370000 - 0x00007ffc9aaeb000 	C:\WINDOWS\System32\windows.storage.dll
0x00007ffc9a040000 - 0x00007ffc9a05f000 	C:\WINDOWS\System32\profapi.dll
0x00007ffc9a060000 - 0x00007ffc9a0aa000 	C:\WINDOWS\System32\powrprof.dll
0x00007ffc9a030000 - 0x00007ffc9a040000 	C:\WINDOWS\System32\UMPDC.dll
0x00007ffc9bb70000 - 0x00007ffc9bbc2000 	C:\WINDOWS\System32\shlwapi.dll
0x00007ffc9a0f0000 - 0x00007ffc9a107000 	C:\WINDOWS\System32\cryptsp.dll
0x00007ffc8afb0000 - 0x00007ffc8afca000 	C:\software\idealC-2020.3.1\jbr\bin\net.dll
0x00007ffc8dd40000 - 0x00007ffc8de2f000 	C:\WINDOWS\SYSTEM32\WINHTTP.dll
0x00007ffc99850000 - 0x00007ffc998b7000 	C:\WINDOWS\system32\mswsock.dll
0x00007ffc8a010000 - 0x00007ffc8a024000 	C:\software\idealC-2020.3.1\jbr\bin\nio.dll
0x00007ffc8ca40000 - 0x00007ffc8ca4a000 	C:\software\idealC-2020.3.1\jbr\bin\management.dll
0x00007ffc8c840000 - 0x00007ffc8c84c000 	C:\software\idealC-2020.3.1\jbr\bin\management_ext.dll
0x00007ffc86860000 - 0x00007ffc86876000 	C:\WINDOWS\system32\napinsp.dll
0x00007ffc867b0000 - 0x00007ffc867ca000 	C:\WINDOWS\system32\pnrpnsp.dll
0x00007ffc99600000 - 0x00007ffc996ca000 	C:\WINDOWS\SYSTEM32\DNSAPI.dll
0x00007ffc9b220000 - 0x00007ffc9b228000 	C:\WINDOWS\System32\NSI.dll
0x00007ffc995c0000 - 0x00007ffc995fa000 	C:\WINDOWS\SYSTEM32\IPHLPAPI.DLL
0x00007ffc867a0000 - 0x00007ffc867ae000 	C:\WINDOWS\System32\winrnr.dll
0x00007ffc95bd0000 - 0x00007ffc95bec000 	C:\WINDOWS\system32\NLAapi.dll
0x00007ffc94bc0000 - 0x00007ffc94bd5000 	C:\WINDOWS\system32\wshbth.dll
0x00007ffc92710000 - 0x00007ffc9271a000 	C:\Windows\System32\rasadhlp.dll
0x00007ffc94df0000 - 0x00007ffc94e67000 	C:\WINDOWS\System32\fwpuclnt.dll
0x00007ffc9a110000 - 0x00007ffc9a136000 	C:\WINDOWS\System32\bcrypt.dll
0x00007ffc99420000 - 0x00007ffc99453000 	C:\WINDOWS\system32\rsaenh.dll
0x00007ffc99f50000 - 0x00007ffc99f75000 	C:\WINDOWS\SYSTEM32\USERENV.dll
0x00007ffc9b080000 - 0x00007ffc9b1c9000 	C:\WINDOWS\System32\CRYPT32.dll
0x00007ffc9a0d0000 - 0x00007ffc9a0e2000 	C:\WINDOWS\System32\MSASN1.dll
0x00007ffc99460000 - 0x00007ffc9946a000 	C:\WINDOWS\SYSTEM32\DPAPI.dll
0x00007ffc999d0000 - 0x00007ffc999dc000 	C:\WINDOWS\SYSTEM32\CRYPTBASE.dll
0x00007ffc93480000 - 0x00007ffc93496000 	C:\WINDOWS\SYSTEM32\dhcpcsvc6.DLL
0x00007ffc93460000 - 0x00007ffc9347c000 	C:\WINDOWS\SYSTEM32\dhcpcsvc.DLL
0x00007ffc927f0000 - 0x00007ffc927fa000 	C:\software\idealC-2020.3.1\jbr\bin\attach.dll

dbghelp: loaded successfully - version: 4.0.5 - missing functions: none
symbol engine: initialized successfully - sym options: 0x614 - pdb path: .;C:\software\idealC-2020.3.1\jbr\bin;C:\WINDOWS\SYSTEM32;C:\WINDOWS\WinSxS\amd64_microsoft.windows.common-controls_6595b64144ccf1df_6.0.18362.175_none_e6c3ab1f131014c9;C:\software\idealC-2020.3.1\jbr\bin\server

VM Arguments:
java_command: C:\Users\Ashish.Agrawal\AppData\Roaming\JetBrains\IdeaIC2020.3\plugins\idea-spring-tools\lib\server\language-server.jar
java_class_path (initial): C:\Users\Ashish.Agrawal\AppData\Roaming\JetBrains\IdeaIC2020.3\plugins\idea-spring-tools\lib\server\language-server.jar
Launcher Type: SUN_STANDARD

[Global flags]
     intx CICompilerCount                          = 3                                         {product} {ergonomic}
     uint ConcGCThreads                            = 1                                         {product} {ergonomic}
     uint G1ConcRefinementThreads                  = 4                                         {product} {ergonomic}
   size_t G1HeapRegionSize                         = 1048576                                   {product} {ergonomic}
    uintx GCDrainStackTargetSize                   = 64                                        {product} {ergonomic}
   size_t InitialHeapSize                          = 266338304                                 {product} {ergonomic}
   size_t MarkStackSize                            = 4194304                                   {product} {ergonomic}
   size_t MaxHeapSize                              = 4261412864                                {product} {ergonomic}
   size_t MaxNewSize                               = 2556428288                                {product} {ergonomic}
   size_t MinHeapDeltaBytes                        = 1048576                                   {product} {ergonomic}
    uintx NonNMethodCodeHeapSize                   = 5830732                                {pd product} {ergonomic}
    uintx NonProfiledCodeHeapSize                  = 122913754                              {pd product} {ergonomic}
    uintx ProfiledCodeHeapSize                     = 122913754                              {pd product} {ergonomic}
    uintx ReservedCodeCacheSize                    = 251658240                              {pd product} {ergonomic}
     bool SegmentedCodeCache                       = true                                      {product} {ergonomic}
     bool UseCompressedClassPointers               = true                                 {lp64_product} {ergonomic}
     bool UseCompressedOops                        = true                                 {lp64_product} {ergonomic}
     bool UseG1GC                                  = true                                      {product} {ergonomic}
     bool UseLargePagesIndividualAllocation        = false                                  {pd product} {ergonomic}

Logging:
Log output configuration:
 #0: stdout all=warning uptime,level,tags
 #1: stderr all=off uptime,level,tags

Environment Variables:
JAVA_HOME=C:\software\openjdk8\java-se-8u41-ri\openjdk-8u262
PATH=C:\Program Files (x86)\Common Files\Oracle\Java\javapath;C:\Program Files (x86)\Intel\iCLS Client\;C:\Program Files\Intel\iCLS Client\;C:\ProgramData\Oracle\Java\javapath;C:\WINDOWS\system32;C:\WINDOWS;C:\WINDOWS\System32\Wbem;C:\WINDOWS\System32\WindowsPowerShell\v1.0\;C:\ProgramData\chocolatey\bin;C:\Program Files (x86)\Microsoft ASP.NET\ASP.N;C:\WINDOWS\system32;C:\WINDOWS;C:\WINDOWS\System32\Wbem;C:\WINDOWS\System32\WindowsPowerShell\v1.0\;C:\WINDOWS\System32\OpenSSH\;C:\Program Files (x86)\Intel\Intel(R) Management Engine Components\DAL;C:\Program Files\Intel\Intel(R) Management Engine Components\DAL;C:\Program Files (x86)\Intel\Intel(R) Management Engine Components\IPT;C:\Program Files\Intel\Intel(R) Management Engine Components\IPT;C:\Users\ashish.agrawal\AppData\Local\Programs\Python\Python37-32;C:\software\openjdk8\java-se-8u41-ri\openjdk-8u262\bin;C:\Program Files\Git\cmd;%CASSANDRA_HOME\bin%;C:\Users\Ashish.Agrawal\AppData\Local\Programs\Python\Python39;;C:\Program Files\Docker\Docker\resources\bin;C:\ProgramData\DockerDesktop\version-bin;C:\Users\Ashish.Agrawal\AppData\Local\Programs\Python\Python39\Scripts\;C:\Users\Ashish.Agrawal\AppData\Local\Programs\Python\Python39\;C:\Users\Ashish.Agrawal\AppData\Local\Microsoft\WindowsApps;C:\Program Files\Git\cmd;C:\Users\Ashish.Agrawal\AppData\Local\Microsoft\WindowsApps;C:\kafka\kafka-2.4.0-src\bin\windows;C:\maven\apache-maven-3.6.3\bin;C:\software\openjdk8\java-se-8u41-ri\openjdk-8u262\bin;C:\Program Files\heroku\bin;%CASSANDRA_HOME\bin%;C:\Users\Ashish.Agrawal\AppData\Local\Programs\Python\Python39;
USERNAME=ashish.agrawal
OS=Windows_NT
PROCESSOR_IDENTIFIER=Intel64 Family 6 Model 61 Stepping 4, GenuineIntel



---------------  S Y S T E M  ---------------

OS: Windows 10 , 64 bit Build 18362 (10.0.18362.86)
OS uptime: 9 days 21:30 hours
Hyper-V role detected

CPU:total 4 (initial active 4) (2 cores per cpu, 2 threads per core) family 6 model 61 stepping 4 microcode 0x2b, cmov, cx8, fxsr, mmx, sse, sse2, sse3, ssse3, sse4.1, sse4.2, popcnt, avx, avx2, aes, clmul, erms, rtm, 3dnowpref, lzcnt, ht, tsc, tscinvbit, bmi1, bmi2, adx, fma

Memory: 4k page, system-wide physical 16254M (5444M free)
TotalPageFile size 31312M (AvailPageFile size 6M)
current process WorkingSet (physical memory assigned to process): 342M, peak: 349M
current process commit charge ("private bytes"): 451M, peak: 454M

vm_info: OpenJDK 64-Bit Server VM (11.0.10+8-b1145.96) for windows-amd64 JRE (11.0.10+8-b1145.96), built on Feb 18 2021 01:38:16 by "" with MS VC++ 14.0 (VS2015)

END.
